[ 2018-11-20T10:07:26+08:00 ] ::1 /gemei_wj/index.php/Admin/Public/login.html
INFO: [ app_init ] --START--
INFO: Run Behavior\BuildLiteBehavior [ RunTime:0.000040s ]
INFO: [ app_init ] --END-- [ RunTime:0.010878s ]
INFO: [ app_begin ] --START--
INFO: Run Behavior\ReadHtmlCacheBehavior [ RunTime:0.013338s ]
INFO: [ app_begin ] --END-- [ RunTime:0.013514s ]

[ 2018-11-20T10:07:27+08:00 ] ::1 /gemei_wj/index.php/Admin/Index/index.html
INFO: [ app_init ] --START--
INFO: Run Behavior\BuildLiteBehavior [ RunTime:0.000032s ]
INFO: [ app_init ] --END-- [ RunTime:0.000640s ]
INFO: [ app_begin ] --START--
INFO: Run Behavior\ReadHtmlCacheBehavior [ RunTime:0.000785s ]
INFO: [ app_begin ] --END-- [ RunTime:0.000916s ]
INFO: [ view_parse ] --START--
INFO: [ template_filter ] --START--
INFO: Run Behavior\ContentReplaceBehavior [ RunTime:0.000238s ]
INFO: [ template_filter ] --END-- [ RunTime:0.000389s ]
INFO: Run Behavior\ParseTemplateBehavior [ RunTime:0.059955s ]
INFO: [ view_parse ] --END-- [ RunTime:0.060099s ]
INFO: [ view_filter ] --START--
INFO: Run Behavior\WriteHtmlCacheBehavior [ RunTime:0.010070s ]
INFO: [ view_filter ] --END-- [ RunTime:0.010211s ]
INFO: [ app_end ] --START--
INFO: Run Behavior\ShowPageTraceBehavior [ RunTime:0.007668s ]
INFO: [ app_end ] --END-- [ RunTime:0.007808s ]

[ 2018-11-20T10:07:28+08:00 ] ::1 /gemei_wj/index.php/Admin/ElementaryLevel/lists.html
INFO: [ app_init ] --START--
INFO: Run Behavior\BuildLiteBehavior [ RunTime:0.000043s ]
INFO: [ app_init ] --END-- [ RunTime:0.000934s ]
INFO: [ app_begin ] --START--
INFO: Run Behavior\ReadHtmlCacheBehavior [ RunTime:0.001168s ]
INFO: [ app_begin ] --END-- [ RunTime:0.001363s ]
SQL: SHOW COLUMNS FROM `nav_elementary_level` [ RunTime:0.0298s ]
SQL: SHOW COLUMNS FROM `nav_high_level` [ RunTime:0.0071s ]
SQL: SELECT `id` FROM `nav_high_level` WHERE ( is_display=1 )  [ RunTime:0.0005s ]
SQL: SHOW COLUMNS FROM `nav_middle_level` [ RunTime:0.0071s ]
SQL: SELECT `id`,`middle_name_chinese` FROM `nav_middle_level` WHERE ( (high_id=21 or high_id=30 or high_id=31 or high_id=32 or high_id=33) AND is_display = 1 )  [ RunTime:0.0005s ]
SQL: SELECT COUNT(*) AS tp_count FROM `nav_elementary_level` WHERE ( (middle_id=84 or middle_id=115 or middle_id=116) AND xinhao_chinese like "%%" ) LIMIT 1   [ RunTime:0.0005s ]
SQL: SELECT * FROM `nav_elementary_level` WHERE ( (middle_id=84 or middle_id=115 or middle_id=116) AND xinhao_chinese like "%%" ) ORDER BY addtime desc LIMIT 0,10   [ RunTime:0.0010s ]
INFO: [ view_parse ] --START--
NOTIC: [2] file_get_contents(./Application/Admin/View/Common/admin/footer.html): failed to open stream: No such file or directory D:\phpstudy\PHPTutorial\WWW\gemei_wj\ThinkPHP\Library\Think\Template.class.php 第 696 行.
INFO: [ template_filter ] --START--
INFO: Run Behavior\ContentReplaceBehavior [ RunTime:0.000290s ]
INFO: [ template_filter ] --END-- [ RunTime:0.000520s ]
NOTIC: [8] Undefined variable: keyword D:\phpstudy\PHPTutorial\WWW\gemei_wj\Application\Runtime\Cache\Admin\756ab8553d3f81609a91e0b03f281eb2.php 第 114 行.
NOTIC: [8] Undefined index: p D:\phpstudy\PHPTutorial\WWW\gemei_wj\Application\Runtime\Cache\Admin\756ab8553d3f81609a91e0b03f281eb2.php 第 125 行.
NOTIC: [8] Undefined index: entity_id D:\phpstudy\PHPTutorial\WWW\gemei_wj\Application\Runtime\Cache\Admin\756ab8553d3f81609a91e0b03f281eb2.php 第 143 行.
NOTIC: [8] Undefined index: entity_id D:\phpstudy\PHPTutorial\WWW\gemei_wj\Application\Runtime\Cache\Admin\756ab8553d3f81609a91e0b03f281eb2.php 第 144 行.
NOTIC: [8] Undefined index: entity_id D:\phpstudy\PHPTutorial\WWW\gemei_wj\Application\Runtime\Cache\Admin\756ab8553d3f81609a91e0b03f281eb2.php 第 143 行.
NOTIC: [8] Undefined index: entity_id D:\phpstudy\PHPTutorial\WWW\gemei_wj\Application\Runtime\Cache\Admin\756ab8553d3f81609a91e0b03f281eb2.php 第 144 行.
NOTIC: [8] Undefined index: entity_id D:\phpstudy\PHPTutorial\WWW\gemei_wj\Application\Runtime\Cache\Admin\756ab8553d3f81609a91e0b03f281eb2.php 第 143 行.
NOTIC: [8] Undefined index: entity_id D:\phpstudy\PHPTutorial\WWW\gemei_wj\Application\Runtime\Cache\Admin\756ab8553d3f81609a91e0b03f281eb2.php 第 144 行.
NOTIC: [8] Undefined index: entity_id D:\phpstudy\PHPTutorial\WWW\gemei_wj\Application\Runtime\Cache\Admin\756ab8553d3f81609a91e0b03f281eb2.php 第 143 行.
NOTIC: [8] Undefined index: entity_id D:\phpstudy\PHPTutorial\WWW\gemei_wj\Application\Runtime\Cache\Admin\756ab8553d3f81609a91e0b03f281eb2.php 第 144 行.
NOTIC: [8] Undefined index: entity_id D:\phpstudy\PHPTutorial\WWW\gemei_wj\Application\Runtime\Cache\Admin\756ab8553d3f81609a91e0b03f281eb2.php 第 143 行.
NOTIC: [8] Undefined index: entity_id D:\phpstudy\PHPTutorial\WWW\gemei_wj\Application\Runtime\Cache\Admin\756ab8553d3f81609a91e0b03f281eb2.php 第 144 行.
NOTIC: [8] Undefined index: entity_id D:\phpstudy\PHPTutorial\WWW\gemei_wj\Application\Runtime\Cache\Admin\756ab8553d3f81609a91e0b03f281eb2.php 第 143 行.
NOTIC: [8] Undefined index: entity_id D:\phpstudy\PHPTutorial\WWW\gemei_wj\Application\Runtime\Cache\Admin\756ab8553d3f81609a91e0b03f281eb2.php 第 144 行.
NOTIC: [8] Undefined index: entity_id D:\phpstudy\PHPTutorial\WWW\gemei_wj\Application\Runtime\Cache\Admin\756ab8553d3f81609a91e0b03f281eb2.php 第 143 行.
NOTIC: [8] Undefined index: entity_id D:\phpstudy\PHPTutorial\WWW\gemei_wj\Application\Runtime\Cache\Admin\756ab8553d3f81609a91e0b03f281eb2.php 第 144 行.
INFO: Run Behavior\ParseTemplateBehavior [ RunTime:0.071135s ]
INFO: [ view_parse ] --END-- [ RunTime:0.071313s ]
INFO: [ view_filter ] --START--
INFO: Run Behavior\WriteHtmlCacheBehavior [ RunTime:0.000852s ]
INFO: [ view_filter ] --END-- [ RunTime:0.001049s ]
INFO: [ app_end ] --START--
INFO: Run Behavior\ShowPageTraceBehavior [ RunTime:0.001557s ]
INFO: [ app_end ] --END-- [ RunTime:0.001765s ]

